spec/features/api_response_spec.rb:14.7575203
spec/features/login_spec.rb:37.4366392
spec/features/screening/allegations/edit_allegations_spec.rb:421.5617729
spec/features/screening/allegations/show_allegations_spec.rb:111.164183
spec/features/screening/allegations_cross_reports_spec.rb:67.2450273
spec/features/screening/decision_spec.rb:65.0434627
spec/features/screening/edit_screening_spec.rb:166.234598
spec/features/screening/participant/address_spec.rb:30.7687102
spec/features/screening/participant/editing_participant_spec.rb:491.2709435
spec/features/screening/show_screening_spec.rb:44.5223742
spec/features/screening/validations/narrative_validations_spec.rb:140.3870494
spec/features/screening/validations/person_name_validation_spec.rb:431.4327419
spec/features/screening/worker_safety_spec.rb:78.5464139
spec/features/snapshot/add_remove_people_spec.rb:24.6260042
spec/features/snapshot/relationships_snapshot_spec.rb:24.8151109
spec/repositories/history_of_involvements_repository_spec.rb:0.0684263
spec/controllers/api/v1/participants_controller_spec.rb:0.2732689
spec/controllers/api/v1/people_controller_spec.rb:0.0678546
spec/controllers/api/v1/relationships_controller_spec.rb:0.0412135
spec/controllers/api/v1/user_controller_spec.rb:0.0402944
spec/controllers/api_controller_spec.rb:0.1161279
spec/controllers/application_controller_spec.rb:0.4455347
spec/controllers/version_controller_spec.rb:0.2036706
spec/features/screening/create_screening_spec.rb:52.042584
spec/features/screening/cross_reports_spec.rb:174.1462083
spec/features/screening/incident_information_spec.rb:43.159013
spec/features/screening/participant/create_participant_spec.rb:112.4715891
spec/features/screening/participant/delete_participant_spec.rb:27.8190518
spec/features/screening/participant/phone_number_spec.rb:72.3592493
spec/features/screening/participant/search_participant_spec.rb:185.227209
spec/features/screening/participant/show_participant_spec.rb:34.5093043
spec/features/screening/people_and_role_navigation_spec.rb:31.3309677
spec/features/screening/screening_information/character_limits_spec.rb:12.7968806
spec/features/screening/validations/allegations_sibling_at_risk_validations_spec.rb:541.0948113
spec/features/screening/validations/allegations_validations_spec.rb:47.2484302
spec/features/screening/validations/incident_information_validations_spec.rb:80.0797477
spec/features/screening/validations/person_ssn_validation_spec.rb:652.4753852
spec/features/screening/validations/screening_information_validations_spec.rb:286.8871969
spec/lib/api_error_spec.rb:0.024387
spec/lib/error_handler_spec.rb:0.132467
spec/lib/ferb_routes_spec.rb:0.0518659
spec/lib/json_api_spec.rb:0.0837489
spec/models/address_spec.rb:0.0084809
spec/models/participant_spec.rb:0.0298024
spec/models/screening_spec.rb:0.0151597
spec/repositories/person_search_repository_spec.rb:0.0349386
spec/repositories/relationships_repository_spec.rb:0.0181644
spec/repositories/screening_repository_spec.rb:0.0602009
spec/repositories/staff_repository_spec.rb:0.0084727
spec/controllers/api/v1/history_of_involvements_controller_spec.rb:0.1705799
spec/controllers/api/v1/screenings_controller_spec.rb:0.9582866
spec/controllers/api/v1/security_controller_spec.rb:0.1093748
spec/controllers/api/v1/system_codes_controller_spec.rb:0.1343614
spec/controllers/home_controller_spec.rb:0.1923042
spec/features/errors_spec.rb:76.7204907
spec/features/home_page_spec.rb:17.5496971
spec/features/screening/history_of_involvement_spec.rb:104.1896571
spec/features/screening/narrative_spec.rb:54.365882
spec/features/screening/participant/race_ethnicity_spec.rb:69.9931364
spec/features/screening/relationships_card_spec.rb:193.2763702
spec/features/screening/screening_information_spec.rb:63.6116556
spec/features/screening/submit_screening_spec.rb:563.6137489
spec/features/screening/validations/cross_reports_validations_spec.rb:64.6385185
spec/features/screening/validations/person_age_validation_spec.rb:525.6574137
spec/features/screening/validations/screening_decision_validations_spec.rb:498.266833
spec/features/snapshot/create_snapshot_spec.rb:57.033771
spec/features/snapshot/history_of_involvement_spec.rb:54.6723403
spec/features/static_pages_spec.rb:5.510911
spec/features/system_codes_spec.rb:4.9300137
spec/helpers/application_helper_spec.rb:0.0279618
spec/i18n_spec.rb:3.3944398
spec/lib/external_routes_spec.rb:0.0578112
spec/lib/intake_faraday_middleware_spec.rb:0.0523002
spec/lib/luid_spec.rb:0.0065895
spec/models/allegation_spec.rb:0.0081978
spec/models/cross_report_spec.rb:0.0261955
spec/models/legacy_descriptor_spec.rb:0.0098594
spec/models/person_search_spec.rb:0.0092535
spec/models/phone_number_spec.rb:0.0110089
spec/models/race_spec.rb:0.0083678
spec/models/staff_spec.rb:0.0140993
spec/repositories/participant_repository_spec.rb:0.0790908
spec/repositories/security_repository_spec.rb:0.0982106
spec/services/person_search_query_builder_spec.rb:0.0502251
